c:\sarah\work\gp\2013 sem 6 oct\(02) weekly activities\week4\codebase\enginepart1\debug\game.obj
c:\sarah\work\gp\2013 sem 6 oct\(02) weekly activities\week4\codebase\enginepart1\debug\graphics.obj
c:\sarah\work\gp\2013 sem 6 oct\(02) weekly activities\week4\codebase\enginepart1\debug\input.obj
c:\sarah\work\gp\2013 sem 6 oct\(02) weekly activities\week4\codebase\enginepart1\debug\spacewar.obj
c:\sarah\work\gp\2013 sem 6 oct\(02) weekly activities\week4\codebase\enginepart1\debug\winmain.obj
c:\sarah\work\gp\2013 sem 6 oct\(02) weekly activities\week4\codebase\enginepart1\debug\vc110.pdb
c:\sarah\work\gp\2013 sem 6 oct\(02) weekly activities\week4\codebase\enginepart1\debug\enginepart1.ilk
c:\sarah\work\gp\2013 sem 6 oct\(02) weekly activities\week4\codebase\enginepart1\debug\enginepart1.exe
c:\sarah\work\gp\2013 sem 6 oct\(02) weekly activities\week4\codebase\enginepart1\debug\enginepart1.pdb
c:\sarah\gp\2014 sem 6 oct\02 weekly activities\week4\codebase\enginepart1\debug\vc120.pdb
c:\users\acehq\desktop\gpp redo\week 3\workshop 5\enginepart1\debug\vc141.pdb
c:\users\acehq\desktop\gpp redo\week 3\workshop 5\enginepart1\debug\vc141.idb
c:\users\acehq\desktop\gpp redo\week 3\workshop 5\enginepart1\debug\game.obj
c:\users\acehq\desktop\gpp redo\week 3\workshop 5\enginepart1\debug\graphics.obj
c:\users\acehq\desktop\gpp redo\week 3\workshop 5\enginepart1\debug\input.obj
c:\users\acehq\desktop\gpp redo\week 3\workshop 5\enginepart1\debug\spacewar.obj
c:\users\acehq\desktop\gpp redo\week 3\workshop 5\enginepart1\debug\winmain.obj
c:\sarah\gp\2014 sem 6 oct\02 weekly activities\week4\codebase\enginepart1\debug\enginepart1.ilk
c:\sarah\gp\2014 sem 6 oct\02 weekly activities\week4\codebase\enginepart1\debug\enginepart1.exe
c:\sarah\gp\2014 sem 6 oct\02 weekly activities\week4\codebase\enginepart1\debug\enginepart1.pdb
c:\sarah\gp\2014 sem 6 oct\02 weekly activities\week3\codebase\enginepart1\debug\enginepart1.ilk
c:\sarah\gp\2014 sem 6 oct\02 weekly activities\week3\codebase\enginepart1\debug\enginepart1.exe
c:\sarah\gp\2014 sem 6 oct\02 weekly activities\week3\codebase\enginepart1\debug\enginepart1.pdb
d:\gpp\02 weekly activities\week3\3.2 workshop\workshop 5\codebase\enginepart1\debug\enginepart1.ilk
d:\gpp\02 weekly activities\week3\3.2 workshop\workshop 5\codebase\enginepart1\debug\enginepart1.exe
d:\gpp\02 weekly activities\week3\3.2 workshop\workshop 5\codebase\enginepart1\debug\enginepart1.pdb
d:\gpp\ay1819\02 weekly activities\week3\3.2 workshop\workshop 5\codebase\enginepart1\debug\enginepart1.ilk
d:\gpp\ay1819\02 weekly activities\week3\3.2 workshop\workshop 5\codebase\enginepart1\debug\enginepart1.exe
d:\gpp\ay1819\02 weekly activities\week3\3.2 workshop\workshop 5\codebase\enginepart1\debug\enginepart1.pdb
c:\users\acehq\desktop\gpp redo\week 3\workshop 5\enginepart1\debug\enginepart1.ilk
c:\users\acehq\desktop\gpp redo\week 3\workshop 5\enginepart1\debug\enginepart1.exe
c:\users\acehq\desktop\gpp redo\week 3\workshop 5\enginepart1\debug\enginepart1.pdb
c:\users\acehq\desktop\gpp redo\week 3\workshop 5\enginepart1\debug\cl.command.1.tlog
c:\users\acehq\desktop\gpp redo\week 3\workshop 5\enginepart1\debug\cl.read.1.tlog
c:\users\acehq\desktop\gpp redo\week 3\workshop 5\enginepart1\debug\cl.write.1.tlog
c:\users\acehq\desktop\gpp redo\week 3\workshop 5\enginepart1\debug\link-cvtres.read.1.tlog
c:\users\acehq\desktop\gpp redo\week 3\workshop 5\enginepart1\debug\link-cvtres.write.1.tlog
c:\users\acehq\desktop\gpp redo\week 3\workshop 5\enginepart1\debug\link-rc.read.1.tlog
c:\users\acehq\desktop\gpp redo\week 3\workshop 5\enginepart1\debug\link-rc.write.1.tlog
c:\users\acehq\desktop\gpp redo\week 3\workshop 5\enginepart1\debug\link.command.1.tlog
c:\users\acehq\desktop\gpp redo\week 3\workshop 5\enginepart1\debug\link.read.1.tlog
c:\users\acehq\desktop\gpp redo\week 3\workshop 5\enginepart1\debug\link.write.1.tlog
c:\users\acehq\desktop\gpp redo\week 3\workshop 5\enginepart1\debug\vc110.idb
c:\users\acehq\desktop\gpp redo\week 3\workshop 5\enginepart1\debug\vc120.idb
c:\users\acehq\desktop\gpp redo\week 3\workshop 5\enginepart1\debug\vc110.pdb
c:\users\acehq\desktop\gpp redo\week 3\workshop 5\enginepart1\debug\vc120.pdb
c:\users\acehq\desktop\gpp redo\week 3\workshop 5\enginepart1\debug\enginepart1.tlog\cl.command.1.tlog
c:\users\acehq\desktop\gpp redo\week 3\workshop 5\enginepart1\debug\enginepart1.tlog\cl.read.1.tlog
c:\users\acehq\desktop\gpp redo\week 3\workshop 5\enginepart1\debug\enginepart1.tlog\cl.write.1.tlog
c:\users\acehq\desktop\gpp redo\week 3\workshop 5\enginepart1\debug\enginepart1.tlog\link.command.1.tlog
c:\users\acehq\desktop\gpp redo\week 3\workshop 5\enginepart1\debug\enginepart1.tlog\link.read.1.tlog
c:\users\acehq\desktop\gpp redo\week 3\workshop 5\enginepart1\debug\enginepart1.tlog\link.write.1.tlog
